<?xml version="1.0" encoding="UTF-8"?>
<!-- Generated by org.testng.reporters.JUnitReportReporter -->
<testsuite hostname="LAPTOP-IO7O6G3K" failures="0" tests="2" name="test.VerifySearchWithExistingProduct" time="5.720" errors="0" timestamp="2023-04-07T07:45:48 IST" skipped="0">
  <testcase classname="test.VerifySearchWithExistingProduct" name="verifySearchWithNonExistingProductTest" time="2.317"/>
  <system-out/>
  <testcase classname="test.VerifySearchWithExistingProduct" name="verifySearchWithExistingProductTest" time="3.403"/>
  <system-out/>
</testsuite> <!-- test.VerifySearchWithExistingProduct -->
